<?xml version="1.0" encoding="UTF-8"?>
<testsuites>
  <testsuite name="apply_aiptw_transform" timestamp="2023-02-14T19:22:32Z" hostname="9d0aad041869" tests="1" skipped="0" failures="0" errors="0" time="0.071">
    <testcase time="0.0710000000000002" classname="apply_aiptw_transform" name="can_pass_in_a_propensity_score_list_to_apply_aiptw_transform_"/>
  </testsuite>
  <testsuite name="compute_coefs_tbl" timestamp="2023-02-14T19:22:32Z" hostname="9d0aad041869" tests="4" skipped="0" failures="0" errors="0" time="0.075">
    <testcase time="0.044" classname="compute_coefs_tbl" name="column_of_coefs_is_the_mean_of_validation_fold_coefs"/>
    <testcase time="0.00599999999999978" classname="compute_coefs_tbl" name="column_of_coefs_is_the_mean_of_validation_fold_coefs"/>
    <testcase time="0.0190000000000001" classname="compute_coefs_tbl" name="column_of_SEs_is_the_mean_of_the_squared_of_influence_curves_divided_by_the_number_of_observations_in_the_data"/>
    <testcase time="0.00599999999999978" classname="compute_coefs_tbl" name="column_of_SEs_is_the_mean_of_the_squared_of_influence_curves_divided_by_the_number_of_observations_in_the_data"/>
  </testsuite>
  <testsuite name="estimate_univariate_cates" timestamp="2023-02-14T19:22:32Z" hostname="9d0aad041869" tests="29" skipped="0" failures="0" errors="0" time="8.903">
    <testcase time="2.406" classname="estimate_univariate_cates" name="fold_function_returns_a_vector_of_estimated_biomarker_coefficients_and_a_tibble_of_influence_curve_calculations_for_each_observation_in_the_validation_set_using_super_learner_continuous_outcomes_"/>
    <testcase time="0.0129999999999999" classname="estimate_univariate_cates" name="fold_function_returns_a_vector_of_estimated_biomarker_coefficients_and_a_tibble_of_influence_curve_calculations_for_each_observation_in_the_validation_set_using_super_learner_continuous_outcomes_"/>
    <testcase time="0.00800000000000001" classname="estimate_univariate_cates" name="fold_function_returns_a_vector_of_estimated_biomarker_coefficients_and_a_tibble_of_influence_curve_calculations_for_each_observation_in_the_validation_set_using_super_learner_continuous_outcomes_"/>
    <testcase time="0.00499999999999989" classname="estimate_univariate_cates" name="fold_function_returns_a_vector_of_estimated_biomarker_coefficients_and_a_tibble_of_influence_curve_calculations_for_each_observation_in_the_validation_set_using_super_learner_continuous_outcomes_"/>
    <testcase time="0.00600000000000023" classname="estimate_univariate_cates" name="fold_function_returns_a_vector_of_estimated_biomarker_coefficients_and_a_tibble_of_influence_curve_calculations_for_each_observation_in_the_validation_set_using_super_learner_continuous_outcomes_"/>
    <testcase time="0.00599999999999934" classname="estimate_univariate_cates" name="fold_function_returns_a_vector_of_estimated_biomarker_coefficients_and_a_tibble_of_influence_curve_calculations_for_each_observation_in_the_validation_set_using_super_learner_continuous_outcomes_"/>
    <testcase time="0.163" classname="estimate_univariate_cates" name="fold_function_returns_a_vector_of_estimated_biomarker_coefficients_and_a_tibble_of_influence_curve_calculations_for_each_observation_in_the_validation_set_using_default_learner_continuous_outcomes_"/>
    <testcase time="0.00999999999999979" classname="estimate_univariate_cates" name="fold_function_returns_a_vector_of_estimated_biomarker_coefficients_and_a_tibble_of_influence_curve_calculations_for_each_observation_in_the_validation_set_using_default_learner_continuous_outcomes_"/>
    <testcase time="0.00100000000000033" classname="estimate_univariate_cates" name="fold_function_returns_a_vector_of_estimated_biomarker_coefficients_and_a_tibble_of_influence_curve_calculations_for_each_observation_in_the_validation_set_using_default_learner_continuous_outcomes_"/>
    <testcase time="0.00499999999999989" classname="estimate_univariate_cates" name="fold_function_returns_a_vector_of_estimated_biomarker_coefficients_and_a_tibble_of_influence_curve_calculations_for_each_observation_in_the_validation_set_using_default_learner_continuous_outcomes_"/>
    <testcase time="0.00499999999999989" classname="estimate_univariate_cates" name="fold_function_returns_a_vector_of_estimated_biomarker_coefficients_and_a_tibble_of_influence_curve_calculations_for_each_observation_in_the_validation_set_using_default_learner_continuous_outcomes_"/>
    <testcase time="0.00499999999999989" classname="estimate_univariate_cates" name="fold_function_returns_a_vector_of_estimated_biomarker_coefficients_and_a_tibble_of_influence_curve_calculations_for_each_observation_in_the_validation_set_using_default_learner_continuous_outcomes_"/>
    <testcase time="2.084" classname="estimate_univariate_cates" name="fold_function_returns_a_vector_of_estimated_biomarker_coefficients_and_a_tibble_of_influence_curve_calculations_for_each_observation_in_the_validation_set_using_super_learner_binary_outcome_"/>
    <testcase time="0.0110000000000001" classname="estimate_univariate_cates" name="fold_function_returns_a_vector_of_estimated_biomarker_coefficients_and_a_tibble_of_influence_curve_calculations_for_each_observation_in_the_validation_set_using_super_learner_binary_outcome_"/>
    <testcase time="0.00899999999999945" classname="estimate_univariate_cates" name="fold_function_returns_a_vector_of_estimated_biomarker_coefficients_and_a_tibble_of_influence_curve_calculations_for_each_observation_in_the_validation_set_using_super_learner_binary_outcome_"/>
    <testcase time="0.00499999999999989" classname="estimate_univariate_cates" name="fold_function_returns_a_vector_of_estimated_biomarker_coefficients_and_a_tibble_of_influence_curve_calculations_for_each_observation_in_the_validation_set_using_super_learner_binary_outcome_"/>
    <testcase time="0.00500000000000078" classname="estimate_univariate_cates" name="fold_function_returns_a_vector_of_estimated_biomarker_coefficients_and_a_tibble_of_influence_curve_calculations_for_each_observation_in_the_validation_set_using_super_learner_binary_outcome_"/>
    <testcase time="0.00600000000000023" classname="estimate_univariate_cates" name="fold_function_returns_a_vector_of_estimated_biomarker_coefficients_and_a_tibble_of_influence_curve_calculations_for_each_observation_in_the_validation_set_using_super_learner_binary_outcome_"/>
    <testcase time="0.152999999999999" classname="estimate_univariate_cates" name="fold_function_returns_a_vector_of_estimated_biomarker_coefficients_and_a_tibble_of_influence_curve_calculations_for_each_observation_in_the_validation_set_using_default_learner_binary_outcome_"/>
    <testcase time="0.011000000000001" classname="estimate_univariate_cates" name="fold_function_returns_a_vector_of_estimated_biomarker_coefficients_and_a_tibble_of_influence_curve_calculations_for_each_observation_in_the_validation_set_using_default_learner_binary_outcome_"/>
    <testcase time="0.000999999999999446" classname="estimate_univariate_cates" name="fold_function_returns_a_vector_of_estimated_biomarker_coefficients_and_a_tibble_of_influence_curve_calculations_for_each_observation_in_the_validation_set_using_default_learner_binary_outcome_"/>
    <testcase time="0.00400000000000134" classname="estimate_univariate_cates" name="fold_function_returns_a_vector_of_estimated_biomarker_coefficients_and_a_tibble_of_influence_curve_calculations_for_each_observation_in_the_validation_set_using_default_learner_binary_outcome_"/>
    <testcase time="0.00499999999999901" classname="estimate_univariate_cates" name="fold_function_returns_a_vector_of_estimated_biomarker_coefficients_and_a_tibble_of_influence_curve_calculations_for_each_observation_in_the_validation_set_using_default_learner_binary_outcome_"/>
    <testcase time="0.00600000000000023" classname="estimate_univariate_cates" name="fold_function_returns_a_vector_of_estimated_biomarker_coefficients_and_a_tibble_of_influence_curve_calculations_for_each_observation_in_the_validation_set_using_default_learner_binary_outcome_"/>
    <testcase time="1.962" classname="estimate_univariate_cates" name="estimate_univariate_cates_returns_a_vector_with_estimate_lm_coefficients_and_a_table_of_influence_curves"/>
    <testcase time="1.977" classname="estimate_univariate_cates" name="estimate_univariate_cates_returns_a_vector_with_estimate_lm_coefficients_and_a_table_of_influence_curves"/>
    <testcase time="0.0199999999999996" classname="estimate_univariate_cates" name="estimate_univariate_cates_returns_a_vector_with_estimate_lm_coefficients_and_a_table_of_influence_curves"/>
    <testcase time="0.00600000000000023" classname="estimate_univariate_cates" name="estimate_univariate_cates_returns_a_vector_with_estimate_lm_coefficients_and_a_table_of_influence_curves"/>
    <testcase time="0.00500000000000078" classname="estimate_univariate_cates" name="estimate_univariate_cates_returns_a_vector_with_estimate_lm_coefficients_and_a_table_of_influence_curves"/>
  </testsuite>
  <testsuite name="estimate_univariate_survival_cates" timestamp="2023-02-14T19:22:41Z" hostname="9d0aad041869" tests="25" skipped="0" failures="0" errors="0" time="16.786">
    <testcase time="5.608" classname="estimate_univariate_survival_cates" name="fold_function_returns_a_vector_of_estimated_biomarker_coefficients_and_a_tibble_of_efficient_influence_function_values_for_each_observation_in_the_validation_set_using_SLs"/>
    <testcase time="0.0350000000000001" classname="estimate_univariate_survival_cates" name="fold_function_returns_a_vector_of_estimated_biomarker_coefficients_and_a_tibble_of_efficient_influence_function_values_for_each_observation_in_the_validation_set_using_SLs"/>
    <testcase time="0.0420000000000016" classname="estimate_univariate_survival_cates" name="fold_function_returns_a_vector_of_estimated_biomarker_coefficients_and_a_tibble_of_efficient_influence_function_values_for_each_observation_in_the_validation_set_using_SLs"/>
    <testcase time="0.0069999999999979" classname="estimate_univariate_survival_cates" name="fold_function_returns_a_vector_of_estimated_biomarker_coefficients_and_a_tibble_of_efficient_influence_function_values_for_each_observation_in_the_validation_set_using_SLs"/>
    <testcase time="0.00200000000000244" classname="estimate_univariate_survival_cates" name="fold_function_returns_a_vector_of_estimated_biomarker_coefficients_and_a_tibble_of_efficient_influence_function_values_for_each_observation_in_the_validation_set_using_SLs"/>
    <testcase time="0.00499999999999901" classname="estimate_univariate_survival_cates" name="fold_function_returns_a_vector_of_estimated_biomarker_coefficients_and_a_tibble_of_efficient_influence_function_values_for_each_observation_in_the_validation_set_using_SLs"/>
    <testcase time="0.00499999999999901" classname="estimate_univariate_survival_cates" name="fold_function_returns_a_vector_of_estimated_biomarker_coefficients_and_a_tibble_of_efficient_influence_function_values_for_each_observation_in_the_validation_set_using_SLs"/>
    <testcase time="0.00500000000000256" classname="estimate_univariate_survival_cates" name="fold_function_returns_a_vector_of_estimated_biomarker_coefficients_and_a_tibble_of_efficient_influence_function_values_for_each_observation_in_the_validation_set_using_SLs"/>
    <testcase time="1.71" classname="estimate_univariate_survival_cates" name="fold_function_returns_a_vector_of_estimated_biomarker_coefficients_and_a_tibble_of_efficient_influence_function_values_for_each_observation_in_the_validation_set_using_defaults"/>
    <testcase time="0.0340000000000025" classname="estimate_univariate_survival_cates" name="fold_function_returns_a_vector_of_estimated_biomarker_coefficients_and_a_tibble_of_efficient_influence_function_values_for_each_observation_in_the_validation_set_using_defaults"/>
    <testcase time="0.0350000000000001" classname="estimate_univariate_survival_cates" name="fold_function_returns_a_vector_of_estimated_biomarker_coefficients_and_a_tibble_of_efficient_influence_function_values_for_each_observation_in_the_validation_set_using_defaults"/>
    <testcase time="0.0069999999999979" classname="estimate_univariate_survival_cates" name="fold_function_returns_a_vector_of_estimated_biomarker_coefficients_and_a_tibble_of_efficient_influence_function_values_for_each_observation_in_the_validation_set_using_defaults"/>
    <testcase time="0.00100000000000122" classname="estimate_univariate_survival_cates" name="fold_function_returns_a_vector_of_estimated_biomarker_coefficients_and_a_tibble_of_efficient_influence_function_values_for_each_observation_in_the_validation_set_using_defaults"/>
    <testcase time="0.00499999999999901" classname="estimate_univariate_survival_cates" name="fold_function_returns_a_vector_of_estimated_biomarker_coefficients_and_a_tibble_of_efficient_influence_function_values_for_each_observation_in_the_validation_set_using_defaults"/>
    <testcase time="0.00499999999999901" classname="estimate_univariate_survival_cates" name="fold_function_returns_a_vector_of_estimated_biomarker_coefficients_and_a_tibble_of_efficient_influence_function_values_for_each_observation_in_the_validation_set_using_defaults"/>
    <testcase time="0.00499999999999901" classname="estimate_univariate_survival_cates" name="fold_function_returns_a_vector_of_estimated_biomarker_coefficients_and_a_tibble_of_efficient_influence_function_values_for_each_observation_in_the_validation_set_using_defaults"/>
    <testcase time="5.08" classname="estimate_univariate_survival_cates" name="estimate_univariate_s_cates_returns_a_vector_with_estimated_lm_coefficients_and_a_table_of_influence_curves"/>
    <testcase time="0.0350000000000001" classname="estimate_univariate_survival_cates" name="estimate_univariate_s_cates_returns_a_vector_with_estimated_lm_coefficients_and_a_table_of_influence_curves"/>
    <testcase time="0.0410000000000004" classname="estimate_univariate_survival_cates" name="estimate_univariate_s_cates_returns_a_vector_with_estimated_lm_coefficients_and_a_table_of_influence_curves"/>
    <testcase time="4.014" classname="estimate_univariate_survival_cates" name="estimate_univariate_s_cates_returns_a_vector_with_estimated_lm_coefficients_and_a_table_of_influence_curves"/>
    <testcase time="0.0509999999999984" classname="estimate_univariate_survival_cates" name="estimate_univariate_s_cates_returns_a_vector_with_estimated_lm_coefficients_and_a_table_of_influence_curves"/>
    <testcase time="0.0339999999999989" classname="estimate_univariate_survival_cates" name="estimate_univariate_s_cates_returns_a_vector_with_estimated_lm_coefficients_and_a_table_of_influence_curves"/>
    <testcase time="0.00900000000000034" classname="estimate_univariate_survival_cates" name="estimate_univariate_s_cates_returns_a_vector_with_estimated_lm_coefficients_and_a_table_of_influence_curves"/>
    <testcase time="0.00600000000000023" classname="estimate_univariate_survival_cates" name="estimate_univariate_s_cates_returns_a_vector_with_estimated_lm_coefficients_and_a_table_of_influence_curves"/>
    <testcase time="0.00499999999999901" classname="estimate_univariate_survival_cates" name="estimate_univariate_s_cates_returns_a_vector_with_estimated_lm_coefficients_and_a_table_of_influence_curves"/>
  </testsuite>
  <testsuite name="perform_inference" timestamp="2023-02-14T19:22:58Z" hostname="9d0aad041869" tests="4" skipped="0" failures="0" errors="0" time="0.047">
    <testcase time="0.027000000000001" classname="perform_inference" name="assert_that_p_values_are_properly_calculated"/>
    <testcase time="0.00400000000000134" classname="perform_inference" name="assert_that_p_values_are_properly_calculated"/>
    <testcase time="0.0120000000000005" classname="perform_inference" name="assert_that_p_values_are_properly_calculated"/>
    <testcase time="0.00399999999999778" classname="perform_inference" name="assert_that_p_values_are_properly_calculated"/>
  </testsuite>
  <testsuite name="prep_data" timestamp="2023-02-14T19:22:58Z" hostname="9d0aad041869" tests="19" skipped="0" failures="0" errors="0" time="0.178">
    <testcase time="0.0259999999999998" classname="prep_data" name="only_accepts_data.frames_and_tibbles"/>
    <testcase time="0.0100000000000016" classname="prep_data" name="only_accepts_data.frames_and_tibbles"/>
    <testcase time="0.00999999999999801" classname="prep_data" name="only_accepts_data.frames_and_tibbles"/>
    <testcase time="0.0120000000000005" classname="prep_data" name="checks_that_outcome_is_a_continuous_or_binary_numeric_variable"/>
    <testcase time="0.00600000000000023" classname="prep_data" name="checks_that_outcome_is_a_continuous_or_binary_numeric_variable"/>
    <testcase time="0.00900000000000034" classname="prep_data" name="checks_that_outcome_is_a_continuous_or_binary_numeric_variable"/>
    <testcase time="0.00900000000000034" classname="prep_data" name="checks_that_treatment_is_a_binary_variable"/>
    <testcase time="0.00900000000000034" classname="prep_data" name="outcome_and_treatment_designators_are_of_length_1"/>
    <testcase time="0.00600000000000023" classname="prep_data" name="outcome_and_treatment_designators_are_of_length_1"/>
    <testcase time="0.00900000000000034" classname="prep_data" name="specified_variables_are_contained_in_the_data"/>
    <testcase time="0.00600000000000023" classname="prep_data" name="specified_variables_are_contained_in_the_data"/>
    <testcase time="0.00600000000000023" classname="prep_data" name="specified_variables_are_contained_in_the_data"/>
    <testcase time="0.00600000000000023" classname="prep_data" name="specified_variables_are_contained_in_the_data"/>
    <testcase time="0.014999999999997" classname="prep_data" name="if_the_treatment_variable_is_not_a_factor_it_is_turned_into_one"/>
    <testcase time="0.00400000000000134" classname="prep_data" name="if_the_treatment_variable_is_not_a_factor_it_is_turned_into_one"/>
    <testcase time="0.0120000000000005" classname="prep_data" name="if_the_treatment_variable_is_not_a_factor_it_is_turned_into_one"/>
    <testcase time="0.00400000000000134" classname="prep_data" name="if_the_treatment_variable_is_not_a_factor_it_is_turned_into_one"/>
    <testcase time="0.014999999999997" classname="prep_data" name="always_returns_a_tibble_with_only_the_outcome_treatment_and_covariates"/>
    <testcase time="0.00400000000000134" classname="prep_data" name="always_returns_a_tibble_with_only_the_outcome_treatment_and_covariates"/>
  </testsuite>
  <testsuite name="prep_long_data" timestamp="2023-02-14T19:22:58Z" hostname="9d0aad041869" tests="33" skipped="0" failures="0" errors="0" time="0.726">
    <testcase time="0.0470000000000006" classname="prep_long_data" name="A_wide_data.frame_of_3_rows_with_2_unique_relative_times_produces_a_tibble_with_5_rows"/>
    <testcase time="0.000999999999997669" classname="prep_long_data" name="A_wide_data.frame_of_3_rows_with_2_unique_relative_times_produces_a_tibble_with_5_rows"/>
    <testcase time="0.0470000000000006" classname="prep_long_data" name="The_observation_with_latest_relative_time_is_represented_twice"/>
    <testcase time="0.109000000000002" classname="prep_long_data" name="If_there_are_more_than_five_unique_relative_times_before_the_time_cutoff_then_only_the_quintiles_of_the_unique_relative_times_up_to_the_time_cutoff_are_used_to_lengthen_the_wide_data"/>
    <testcase time="0.0389999999999979" classname="prep_long_data" name="Only_data.frame_or_tibble_objects_are_accepted_by_the_data_argument"/>
    <testcase time="0.0350000000000001" classname="prep_long_data" name="Only_data.frame_or_tibble_objects_are_accepted_by_the_data_argument"/>
    <testcase time="0.00700000000000145" classname="prep_long_data" name="Only_data.frame_or_tibble_objects_are_accepted_by_the_data_argument"/>
    <testcase time="0.0109999999999992" classname="prep_long_data" name="Errors_occure_when_the_event_censor_relative_time_treatment_covariates_and_biomarkers_arguments_are_not_characters"/>
    <testcase time="0.00600000000000023" classname="prep_long_data" name="Errors_occure_when_the_event_censor_relative_time_treatment_covariates_and_biomarkers_arguments_are_not_characters"/>
    <testcase time="0.00600000000000023" classname="prep_long_data" name="Errors_occure_when_the_event_censor_relative_time_treatment_covariates_and_biomarkers_arguments_are_not_characters"/>
    <testcase time="0.00600000000000023" classname="prep_long_data" name="Errors_occure_when_the_event_censor_relative_time_treatment_covariates_and_biomarkers_arguments_are_not_characters"/>
    <testcase time="0.00600000000000023" classname="prep_long_data" name="Errors_occure_when_the_event_censor_relative_time_treatment_covariates_and_biomarkers_arguments_are_not_characters"/>
    <testcase time="0.00600000000000023" classname="prep_long_data" name="Errors_occure_when_the_event_censor_relative_time_treatment_covariates_and_biomarkers_arguments_are_not_characters"/>
    <testcase time="0.0109999999999992" classname="prep_long_data" name="Errors_occur_when_variable_arguments_are_missing_from_the_data"/>
    <testcase time="0.00600000000000023" classname="prep_long_data" name="Errors_occur_when_variable_arguments_are_missing_from_the_data"/>
    <testcase time="0.00600000000000023" classname="prep_long_data" name="Errors_occur_when_variable_arguments_are_missing_from_the_data"/>
    <testcase time="0.00600000000000023" classname="prep_long_data" name="Errors_occur_when_variable_arguments_are_missing_from_the_data"/>
    <testcase time="0.00600000000000023" classname="prep_long_data" name="Errors_occur_when_variable_arguments_are_missing_from_the_data"/>
    <testcase time="0.0129999999999981" classname="prep_long_data" name="An_error_is_reported_when_the_event_variable_is_not_a_binary_numeric_variables_in_the_data_argument"/>
    <testcase time="0.0130000000000017" classname="prep_long_data" name="An_error_is_reported_when_the_censor_variable_is_not_a_binary_numeric_variables_in_the_data_argument"/>
    <testcase time="0.0139999999999993" classname="prep_long_data" name="An_error_is_thrown_for_observations_with_an_event_that_is_censored"/>
    <testcase time="0.0130000000000017" classname="prep_long_data" name="An_error_is_reported_when_the_treatment_variable_is_not_a_binary_variable_in_the_data_argument"/>
    <testcase time="0.0399999999999991" classname="prep_long_data" name="Treatment_variable_is_coerced_to_a_factor_if_not_already"/>
    <testcase time="0.0169999999999995" classname="prep_long_data" name="An_error_is_reported_when_relative_time_variable_is_not_a_positive_numeric"/>
    <testcase time="0.0120000000000005" classname="prep_long_data" name="The_time_cutoff_is_a_numeric_if_non_null"/>
    <testcase time="0.0549999999999997" classname="prep_long_data" name="Warn_when_time_cutoff_not_within_the_range_of_relative_time"/>
    <testcase time="0.0470000000000006" classname="prep_long_data" name="Only_relevant_variables_remain_after_data_prep"/>
    <testcase time="0.041999999999998" classname="prep_long_data" name="Obs_2_doesn_t_have_a_censoring_event_obs_3_doesn_t_have_any_events"/>
    <testcase time="0.0120000000000005" classname="prep_long_data" name="Obs_2_doesn_t_have_a_censoring_event_obs_3_doesn_t_have_any_events"/>
    <testcase time="0.0130000000000017" classname="prep_long_data" name="Obs_2_doesn_t_have_a_censoring_event_obs_3_doesn_t_have_any_events"/>
    <testcase time="0.0120000000000005" classname="prep_long_data" name="Obs_2_doesn_t_have_a_censoring_event_obs_3_doesn_t_have_any_events"/>
    <testcase time="0.0489999999999995" classname="prep_long_data" name="Obs_3_isn_t_censored_and_doesn_t_have_an_event"/>
    <testcase time="0.0129999999999981" classname="prep_long_data" name="Obs_3_isn_t_censored_and_doesn_t_have_an_event"/>
  </testsuite>
  <testsuite name="sunicate" timestamp="2023-02-14T19:22:59Z" hostname="9d0aad041869" tests="8" skipped="0" failures="0" errors="0" time="5.908">
    <testcase time="4.313" classname="sunicate" name="sunicate_identifies_the_effect_modified_in_a_simulated_example_using_default_learners"/>
    <testcase time="0.0350000000000037" classname="sunicate" name="sunicate_identifies_the_effect_modified_in_a_simulated_example_using_default_learners"/>
    <testcase time="0.0349999999999966" classname="sunicate" name="sunicate_identifies_the_effect_modified_in_a_simulated_example_using_default_learners"/>
    <testcase time="1.415" classname="sunicate" name="sunicate_identifies_the_effect_modified_in_a_simulated_example_using_default_learners"/>
    <testcase time="0.0370000000000061" classname="sunicate" name="sunicate_identifies_the_effect_modified_in_a_simulated_example_using_default_learners"/>
    <testcase time="0.0349999999999966" classname="sunicate" name="sunicate_identifies_the_effect_modified_in_a_simulated_example_using_default_learners"/>
    <testcase time="0.0290000000000035" classname="sunicate" name="sunicate_identifies_the_effect_modified_in_a_simulated_example_using_default_learners"/>
    <testcase time="0.00899999999999324" classname="sunicate" name="sunicate_identifies_the_effect_modified_in_a_simulated_example_using_default_learners"/>
  </testsuite>
  <testsuite name="unicate" timestamp="2023-02-14T19:23:05Z" hostname="9d0aad041869" tests="24" skipped="0" failures="0" errors="0" time="15.14">
    <testcase time="2.05200000000001" classname="unicate" name="biomarkers_1_and_2_found_by_unicate_with_SL_cont._outcome_"/>
    <testcase time="2.003" classname="unicate" name="biomarkers_1_and_2_found_by_unicate_with_SL_cont._outcome_"/>
    <testcase time="0.0329999999999941" classname="unicate" name="biomarkers_1_and_2_found_by_unicate_with_SL_cont._outcome_"/>
    <testcase time="4.262" classname="unicate" name="biomarkers_1_and_2_found_by_unicate_with_SL_cont._outcome_"/>
    <testcase time="0.017000000000003" classname="unicate" name="biomarkers_1_and_2_found_by_unicate_with_SL_cont._outcome_"/>
    <testcase time="0.036999999999999" classname="unicate" name="biomarkers_1_and_2_found_by_unicate_with_SL_cont._outcome_"/>
    <testcase time="0.146999999999998" classname="unicate" name="biomarkers_1_and_2_found_by_unicate_with_default_learner_cont._outcome_"/>
    <testcase time="0.105000000000004" classname="unicate" name="biomarkers_1_and_2_found_by_unicate_with_default_learner_cont._outcome_"/>
    <testcase time="0.0359999999999943" classname="unicate" name="biomarkers_1_and_2_found_by_unicate_with_default_learner_cont._outcome_"/>
    <testcase time="0.380000000000003" classname="unicate" name="biomarkers_1_and_2_found_by_unicate_with_default_learner_cont._outcome_"/>
    <testcase time="0.0189999999999984" classname="unicate" name="biomarkers_1_and_2_found_by_unicate_with_default_learner_cont._outcome_"/>
    <testcase time="0.0230000000000032" classname="unicate" name="biomarkers_1_and_2_found_by_unicate_with_default_learner_cont._outcome_"/>
    <testcase time="1.224" classname="unicate" name="biomarkers_1_and_2_found_by_unicate_with_SL_binary_outcome_"/>
    <testcase time="1.145" classname="unicate" name="biomarkers_1_and_2_found_by_unicate_with_SL_binary_outcome_"/>
    <testcase time="0.0279999999999987" classname="unicate" name="biomarkers_1_and_2_found_by_unicate_with_SL_binary_outcome_"/>
    <testcase time="2.752" classname="unicate" name="biomarkers_1_and_2_found_by_unicate_with_SL_binary_outcome_"/>
    <testcase time="0.0180000000000007" classname="unicate" name="biomarkers_1_and_2_found_by_unicate_with_SL_binary_outcome_"/>
    <testcase time="0.0219999999999985" classname="unicate" name="biomarkers_1_and_2_found_by_unicate_with_SL_binary_outcome_"/>
    <testcase time="0.167000000000002" classname="unicate" name="biomarkers_1_and_2_found_by_unicate_with_default_learner_binary_outcome_"/>
    <testcase time="0.160999999999994" classname="unicate" name="biomarkers_1_and_2_found_by_unicate_with_default_learner_binary_outcome_"/>
    <testcase time="0.027000000000001" classname="unicate" name="biomarkers_1_and_2_found_by_unicate_with_default_learner_binary_outcome_"/>
    <testcase time="0.444000000000003" classname="unicate" name="biomarkers_1_and_2_found_by_unicate_with_default_learner_binary_outcome_"/>
    <testcase time="0.017000000000003" classname="unicate" name="biomarkers_1_and_2_found_by_unicate_with_default_learner_binary_outcome_"/>
    <testcase time="0.0209999999999937" classname="unicate" name="biomarkers_1_and_2_found_by_unicate_with_default_learner_binary_outcome_"/>
  </testsuite>
</testsuites>
