<?xml version="1.0" encoding="UTF-8"?>
<testsuites>
  <testsuite name="apply_aiptw_transform" timestamp="2023-02-14T19:38:22Z" hostname="a853d73b9231" tests="1" skipped="0" failures="0" errors="0" time="0.069">
    <testcase time="0.069" classname="apply_aiptw_transform" name="can_pass_in_a_propensity_score_list_to_apply_aiptw_transform_"/>
  </testsuite>
  <testsuite name="compute_coefs_tbl" timestamp="2023-02-14T19:38:22Z" hostname="a853d73b9231" tests="4" skipped="0" failures="0" errors="0" time="0.069">
    <testcase time="0.04" classname="compute_coefs_tbl" name="column_of_coefs_is_the_mean_of_validation_fold_coefs"/>
    <testcase time="0.00599999999999978" classname="compute_coefs_tbl" name="column_of_coefs_is_the_mean_of_validation_fold_coefs"/>
    <testcase time="0.0170000000000003" classname="compute_coefs_tbl" name="column_of_SEs_is_the_mean_of_the_squared_of_influence_curves_divided_by_the_number_of_observations_in_the_data"/>
    <testcase time="0.00599999999999978" classname="compute_coefs_tbl" name="column_of_SEs_is_the_mean_of_the_squared_of_influence_curves_divided_by_the_number_of_observations_in_the_data"/>
  </testsuite>
  <testsuite name="estimate_univariate_cates" timestamp="2023-02-14T19:38:22Z" hostname="a853d73b9231" tests="29" skipped="0" failures="0" errors="0" time="6.993">
    <testcase time="1.946" classname="estimate_univariate_cates" name="fold_function_returns_a_vector_of_estimated_biomarker_coefficients_and_a_tibble_of_influence_curve_calculations_for_each_observation_in_the_validation_set_using_super_learner_continuous_outcomes_"/>
    <testcase time="0.0110000000000001" classname="estimate_univariate_cates" name="fold_function_returns_a_vector_of_estimated_biomarker_coefficients_and_a_tibble_of_influence_curve_calculations_for_each_observation_in_the_validation_set_using_super_learner_continuous_outcomes_"/>
    <testcase time="0.00199999999999978" classname="estimate_univariate_cates" name="fold_function_returns_a_vector_of_estimated_biomarker_coefficients_and_a_tibble_of_influence_curve_calculations_for_each_observation_in_the_validation_set_using_super_learner_continuous_outcomes_"/>
    <testcase time="0.00399999999999956" classname="estimate_univariate_cates" name="fold_function_returns_a_vector_of_estimated_biomarker_coefficients_and_a_tibble_of_influence_curve_calculations_for_each_observation_in_the_validation_set_using_super_learner_continuous_outcomes_"/>
    <testcase time="0.00600000000000023" classname="estimate_univariate_cates" name="fold_function_returns_a_vector_of_estimated_biomarker_coefficients_and_a_tibble_of_influence_curve_calculations_for_each_observation_in_the_validation_set_using_super_learner_continuous_outcomes_"/>
    <testcase time="0.00499999999999989" classname="estimate_univariate_cates" name="fold_function_returns_a_vector_of_estimated_biomarker_coefficients_and_a_tibble_of_influence_curve_calculations_for_each_observation_in_the_validation_set_using_super_learner_continuous_outcomes_"/>
    <testcase time="0.152" classname="estimate_univariate_cates" name="fold_function_returns_a_vector_of_estimated_biomarker_coefficients_and_a_tibble_of_influence_curve_calculations_for_each_observation_in_the_validation_set_using_default_learner_continuous_outcomes_"/>
    <testcase time="0.00999999999999979" classname="estimate_univariate_cates" name="fold_function_returns_a_vector_of_estimated_biomarker_coefficients_and_a_tibble_of_influence_curve_calculations_for_each_observation_in_the_validation_set_using_default_learner_continuous_outcomes_"/>
    <testcase time="0.00100000000000033" classname="estimate_univariate_cates" name="fold_function_returns_a_vector_of_estimated_biomarker_coefficients_and_a_tibble_of_influence_curve_calculations_for_each_observation_in_the_validation_set_using_default_learner_continuous_outcomes_"/>
    <testcase time="0.00400000000000045" classname="estimate_univariate_cates" name="fold_function_returns_a_vector_of_estimated_biomarker_coefficients_and_a_tibble_of_influence_curve_calculations_for_each_observation_in_the_validation_set_using_default_learner_continuous_outcomes_"/>
    <testcase time="0.00499999999999989" classname="estimate_univariate_cates" name="fold_function_returns_a_vector_of_estimated_biomarker_coefficients_and_a_tibble_of_influence_curve_calculations_for_each_observation_in_the_validation_set_using_default_learner_continuous_outcomes_"/>
    <testcase time="0.00499999999999989" classname="estimate_univariate_cates" name="fold_function_returns_a_vector_of_estimated_biomarker_coefficients_and_a_tibble_of_influence_curve_calculations_for_each_observation_in_the_validation_set_using_default_learner_continuous_outcomes_"/>
    <testcase time="1.591" classname="estimate_univariate_cates" name="fold_function_returns_a_vector_of_estimated_biomarker_coefficients_and_a_tibble_of_influence_curve_calculations_for_each_observation_in_the_validation_set_using_super_learner_binary_outcome_"/>
    <testcase time="0.00999999999999979" classname="estimate_univariate_cates" name="fold_function_returns_a_vector_of_estimated_biomarker_coefficients_and_a_tibble_of_influence_curve_calculations_for_each_observation_in_the_validation_set_using_super_learner_binary_outcome_"/>
    <testcase time="0.00199999999999978" classname="estimate_univariate_cates" name="fold_function_returns_a_vector_of_estimated_biomarker_coefficients_and_a_tibble_of_influence_curve_calculations_for_each_observation_in_the_validation_set_using_super_learner_binary_outcome_"/>
    <testcase time="0.00400000000000045" classname="estimate_univariate_cates" name="fold_function_returns_a_vector_of_estimated_biomarker_coefficients_and_a_tibble_of_influence_curve_calculations_for_each_observation_in_the_validation_set_using_super_learner_binary_outcome_"/>
    <testcase time="0.0169999999999995" classname="estimate_univariate_cates" name="fold_function_returns_a_vector_of_estimated_biomarker_coefficients_and_a_tibble_of_influence_curve_calculations_for_each_observation_in_the_validation_set_using_super_learner_binary_outcome_"/>
    <testcase time="0.00600000000000023" classname="estimate_univariate_cates" name="fold_function_returns_a_vector_of_estimated_biomarker_coefficients_and_a_tibble_of_influence_curve_calculations_for_each_observation_in_the_validation_set_using_super_learner_binary_outcome_"/>
    <testcase time="0.129" classname="estimate_univariate_cates" name="fold_function_returns_a_vector_of_estimated_biomarker_coefficients_and_a_tibble_of_influence_curve_calculations_for_each_observation_in_the_validation_set_using_default_learner_binary_outcome_"/>
    <testcase time="0.00900000000000034" classname="estimate_univariate_cates" name="fold_function_returns_a_vector_of_estimated_biomarker_coefficients_and_a_tibble_of_influence_curve_calculations_for_each_observation_in_the_validation_set_using_default_learner_binary_outcome_"/>
    <testcase time="0.00199999999999978" classname="estimate_univariate_cates" name="fold_function_returns_a_vector_of_estimated_biomarker_coefficients_and_a_tibble_of_influence_curve_calculations_for_each_observation_in_the_validation_set_using_default_learner_binary_outcome_"/>
    <testcase time="0.00400000000000045" classname="estimate_univariate_cates" name="fold_function_returns_a_vector_of_estimated_biomarker_coefficients_and_a_tibble_of_influence_curve_calculations_for_each_observation_in_the_validation_set_using_default_learner_binary_outcome_"/>
    <testcase time="0.00499999999999989" classname="estimate_univariate_cates" name="fold_function_returns_a_vector_of_estimated_biomarker_coefficients_and_a_tibble_of_influence_curve_calculations_for_each_observation_in_the_validation_set_using_default_learner_binary_outcome_"/>
    <testcase time="0.00499999999999989" classname="estimate_univariate_cates" name="fold_function_returns_a_vector_of_estimated_biomarker_coefficients_and_a_tibble_of_influence_curve_calculations_for_each_observation_in_the_validation_set_using_default_learner_binary_outcome_"/>
    <testcase time="1.5" classname="estimate_univariate_cates" name="estimate_univariate_cates_returns_a_vector_with_estimate_lm_coefficients_and_a_table_of_influence_curves"/>
    <testcase time="1.535" classname="estimate_univariate_cates" name="estimate_univariate_cates_returns_a_vector_with_estimate_lm_coefficients_and_a_table_of_influence_curves"/>
    <testcase time="0.0120000000000005" classname="estimate_univariate_cates" name="estimate_univariate_cates_returns_a_vector_with_estimate_lm_coefficients_and_a_table_of_influence_curves"/>
    <testcase time="0.00600000000000023" classname="estimate_univariate_cates" name="estimate_univariate_cates_returns_a_vector_with_estimate_lm_coefficients_and_a_table_of_influence_curves"/>
    <testcase time="0.00499999999999901" classname="estimate_univariate_cates" name="estimate_univariate_cates_returns_a_vector_with_estimate_lm_coefficients_and_a_table_of_influence_curves"/>
  </testsuite>
  <testsuite name="estimate_univariate_survival_cates" timestamp="2023-02-14T19:38:29Z" hostname="a853d73b9231" tests="25" skipped="0" failures="0" errors="0" time="14.126">
    <testcase time="4.875" classname="estimate_univariate_survival_cates" name="fold_function_returns_a_vector_of_estimated_biomarker_coefficients_and_a_tibble_of_efficient_influence_function_values_for_each_observation_in_the_validation_set_using_SLs"/>
    <testcase time="0.0330000000000013" classname="estimate_univariate_survival_cates" name="fold_function_returns_a_vector_of_estimated_biomarker_coefficients_and_a_tibble_of_efficient_influence_function_values_for_each_observation_in_the_validation_set_using_SLs"/>
    <testcase time="0.0439999999999987" classname="estimate_univariate_survival_cates" name="fold_function_returns_a_vector_of_estimated_biomarker_coefficients_and_a_tibble_of_efficient_influence_function_values_for_each_observation_in_the_validation_set_using_SLs"/>
    <testcase time="0.00699999999999967" classname="estimate_univariate_survival_cates" name="fold_function_returns_a_vector_of_estimated_biomarker_coefficients_and_a_tibble_of_efficient_influence_function_values_for_each_observation_in_the_validation_set_using_SLs"/>
    <testcase time="0.00100000000000122" classname="estimate_univariate_survival_cates" name="fold_function_returns_a_vector_of_estimated_biomarker_coefficients_and_a_tibble_of_efficient_influence_function_values_for_each_observation_in_the_validation_set_using_SLs"/>
    <testcase time="0.00499999999999901" classname="estimate_univariate_survival_cates" name="fold_function_returns_a_vector_of_estimated_biomarker_coefficients_and_a_tibble_of_efficient_influence_function_values_for_each_observation_in_the_validation_set_using_SLs"/>
    <testcase time="0.00500000000000078" classname="estimate_univariate_survival_cates" name="fold_function_returns_a_vector_of_estimated_biomarker_coefficients_and_a_tibble_of_efficient_influence_function_values_for_each_observation_in_the_validation_set_using_SLs"/>
    <testcase time="0.00499999999999901" classname="estimate_univariate_survival_cates" name="fold_function_returns_a_vector_of_estimated_biomarker_coefficients_and_a_tibble_of_efficient_influence_function_values_for_each_observation_in_the_validation_set_using_SLs"/>
    <testcase time="1.566" classname="estimate_univariate_survival_cates" name="fold_function_returns_a_vector_of_estimated_biomarker_coefficients_and_a_tibble_of_efficient_influence_function_values_for_each_observation_in_the_validation_set_using_defaults"/>
    <testcase time="0.0330000000000013" classname="estimate_univariate_survival_cates" name="fold_function_returns_a_vector_of_estimated_biomarker_coefficients_and_a_tibble_of_efficient_influence_function_values_for_each_observation_in_the_validation_set_using_defaults"/>
    <testcase time="0.0329999999999977" classname="estimate_univariate_survival_cates" name="fold_function_returns_a_vector_of_estimated_biomarker_coefficients_and_a_tibble_of_efficient_influence_function_values_for_each_observation_in_the_validation_set_using_defaults"/>
    <testcase time="0.00700000000000145" classname="estimate_univariate_survival_cates" name="fold_function_returns_a_vector_of_estimated_biomarker_coefficients_and_a_tibble_of_efficient_influence_function_values_for_each_observation_in_the_validation_set_using_defaults"/>
    <testcase time="0.00100000000000122" classname="estimate_univariate_survival_cates" name="fold_function_returns_a_vector_of_estimated_biomarker_coefficients_and_a_tibble_of_efficient_influence_function_values_for_each_observation_in_the_validation_set_using_defaults"/>
    <testcase time="0.00499999999999901" classname="estimate_univariate_survival_cates" name="fold_function_returns_a_vector_of_estimated_biomarker_coefficients_and_a_tibble_of_efficient_influence_function_values_for_each_observation_in_the_validation_set_using_defaults"/>
    <testcase time="0.00499999999999901" classname="estimate_univariate_survival_cates" name="fold_function_returns_a_vector_of_estimated_biomarker_coefficients_and_a_tibble_of_efficient_influence_function_values_for_each_observation_in_the_validation_set_using_defaults"/>
    <testcase time="0.00499999999999901" classname="estimate_univariate_survival_cates" name="fold_function_returns_a_vector_of_estimated_biomarker_coefficients_and_a_tibble_of_efficient_influence_function_values_for_each_observation_in_the_validation_set_using_defaults"/>
    <testcase time="4.118" classname="estimate_univariate_survival_cates" name="estimate_univariate_s_cates_returns_a_vector_with_estimated_lm_coefficients_and_a_table_of_influence_curves"/>
    <testcase time="0.0339999999999989" classname="estimate_univariate_survival_cates" name="estimate_univariate_s_cates_returns_a_vector_with_estimated_lm_coefficients_and_a_table_of_influence_curves"/>
    <testcase time="0.0330000000000013" classname="estimate_univariate_survival_cates" name="estimate_univariate_s_cates_returns_a_vector_with_estimated_lm_coefficients_and_a_table_of_influence_curves"/>
    <testcase time="3.215" classname="estimate_univariate_survival_cates" name="estimate_univariate_s_cates_returns_a_vector_with_estimated_lm_coefficients_and_a_table_of_influence_curves"/>
    <testcase time="0.041999999999998" classname="estimate_univariate_survival_cates" name="estimate_univariate_s_cates_returns_a_vector_with_estimated_lm_coefficients_and_a_table_of_influence_curves"/>
    <testcase time="0.0350000000000001" classname="estimate_univariate_survival_cates" name="estimate_univariate_s_cates_returns_a_vector_with_estimated_lm_coefficients_and_a_table_of_influence_curves"/>
    <testcase time="0.00900000000000034" classname="estimate_univariate_survival_cates" name="estimate_univariate_s_cates_returns_a_vector_with_estimated_lm_coefficients_and_a_table_of_influence_curves"/>
    <testcase time="0.00500000000000256" classname="estimate_univariate_survival_cates" name="estimate_univariate_s_cates_returns_a_vector_with_estimated_lm_coefficients_and_a_table_of_influence_curves"/>
    <testcase time="0.00499999999999901" classname="estimate_univariate_survival_cates" name="estimate_univariate_s_cates_returns_a_vector_with_estimated_lm_coefficients_and_a_table_of_influence_curves"/>
  </testsuite>
  <testsuite name="perform_inference" timestamp="2023-02-14T19:38:43Z" hostname="a853d73b9231" tests="4" skipped="0" failures="0" errors="0" time="0.044">
    <testcase time="0.0299999999999976" classname="perform_inference" name="assert_that_p_values_are_properly_calculated"/>
    <testcase time="0.00500000000000256" classname="perform_inference" name="assert_that_p_values_are_properly_calculated"/>
    <testcase time="0.00499999999999901" classname="perform_inference" name="assert_that_p_values_are_properly_calculated"/>
    <testcase time="0.00400000000000134" classname="perform_inference" name="assert_that_p_values_are_properly_calculated"/>
  </testsuite>
  <testsuite name="prep_data" timestamp="2023-02-14T19:38:43Z" hostname="a853d73b9231" tests="19" skipped="0" failures="0" errors="0" time="0.228">
    <testcase time="0.032" classname="prep_data" name="only_accepts_data.frames_and_tibbles"/>
    <testcase time="0.0169999999999995" classname="prep_data" name="only_accepts_data.frames_and_tibbles"/>
    <testcase time="0.0129999999999981" classname="prep_data" name="only_accepts_data.frames_and_tibbles"/>
    <testcase time="0.0390000000000015" classname="prep_data" name="checks_that_outcome_is_a_continuous_or_binary_numeric_variable"/>
    <testcase time="0.00999999999999801" classname="prep_data" name="checks_that_outcome_is_a_continuous_or_binary_numeric_variable"/>
    <testcase time="0.0130000000000017" classname="prep_data" name="checks_that_outcome_is_a_continuous_or_binary_numeric_variable"/>
    <testcase time="0.0109999999999992" classname="prep_data" name="checks_that_treatment_is_a_binary_variable"/>
    <testcase time="0.0100000000000016" classname="prep_data" name="outcome_and_treatment_designators_are_of_length_1"/>
    <testcase time="0.00600000000000023" classname="prep_data" name="outcome_and_treatment_designators_are_of_length_1"/>
    <testcase time="0.00999999999999801" classname="prep_data" name="specified_variables_are_contained_in_the_data"/>
    <testcase time="0.00600000000000023" classname="prep_data" name="specified_variables_are_contained_in_the_data"/>
    <testcase time="0.00500000000000256" classname="prep_data" name="specified_variables_are_contained_in_the_data"/>
    <testcase time="0.00499999999999901" classname="prep_data" name="specified_variables_are_contained_in_the_data"/>
    <testcase time="0.0140000000000029" classname="prep_data" name="if_the_treatment_variable_is_not_a_factor_it_is_turned_into_one"/>
    <testcase time="0.00399999999999778" classname="prep_data" name="if_the_treatment_variable_is_not_a_factor_it_is_turned_into_one"/>
    <testcase time="0.0109999999999992" classname="prep_data" name="if_the_treatment_variable_is_not_a_factor_it_is_turned_into_one"/>
    <testcase time="0.00400000000000134" classname="prep_data" name="if_the_treatment_variable_is_not_a_factor_it_is_turned_into_one"/>
    <testcase time="0.0139999999999993" classname="prep_data" name="always_returns_a_tibble_with_only_the_outcome_treatment_and_covariates"/>
    <testcase time="0.00400000000000134" classname="prep_data" name="always_returns_a_tibble_with_only_the_outcome_treatment_and_covariates"/>
  </testsuite>
  <testsuite name="prep_long_data" timestamp="2023-02-14T19:38:43Z" hostname="a853d73b9231" tests="33" skipped="0" failures="0" errors="0" time="0.671">
    <testcase time="0.0440000000000005" classname="prep_long_data" name="A_wide_data.frame_of_3_rows_with_2_unique_relative_times_produces_a_tibble_with_5_rows"/>
    <testcase time="0.000999999999997669" classname="prep_long_data" name="A_wide_data.frame_of_3_rows_with_2_unique_relative_times_produces_a_tibble_with_5_rows"/>
    <testcase time="0.0430000000000028" classname="prep_long_data" name="The_observation_with_latest_relative_time_is_represented_twice"/>
    <testcase time="0.0869999999999997" classname="prep_long_data" name="If_there_are_more_than_five_unique_relative_times_before_the_time_cutoff_then_only_the_quintiles_of_the_unique_relative_times_up_to_the_time_cutoff_are_used_to_lengthen_the_wide_data"/>
    <testcase time="0.0380000000000003" classname="prep_long_data" name="Only_data.frame_or_tibble_objects_are_accepted_by_the_data_argument"/>
    <testcase time="0.0339999999999989" classname="prep_long_data" name="Only_data.frame_or_tibble_objects_are_accepted_by_the_data_argument"/>
    <testcase time="0.00799999999999912" classname="prep_long_data" name="Only_data.frame_or_tibble_objects_are_accepted_by_the_data_argument"/>
    <testcase time="0.0100000000000016" classname="prep_long_data" name="Errors_occure_when_the_event_censor_relative_time_treatment_covariates_and_biomarkers_arguments_are_not_characters"/>
    <testcase time="0.00600000000000023" classname="prep_long_data" name="Errors_occure_when_the_event_censor_relative_time_treatment_covariates_and_biomarkers_arguments_are_not_characters"/>
    <testcase time="0.00600000000000023" classname="prep_long_data" name="Errors_occure_when_the_event_censor_relative_time_treatment_covariates_and_biomarkers_arguments_are_not_characters"/>
    <testcase time="0.00600000000000023" classname="prep_long_data" name="Errors_occure_when_the_event_censor_relative_time_treatment_covariates_and_biomarkers_arguments_are_not_characters"/>
    <testcase time="0.00599999999999667" classname="prep_long_data" name="Errors_occure_when_the_event_censor_relative_time_treatment_covariates_and_biomarkers_arguments_are_not_characters"/>
    <testcase time="0.0190000000000019" classname="prep_long_data" name="Errors_occure_when_the_event_censor_relative_time_treatment_covariates_and_biomarkers_arguments_are_not_characters"/>
    <testcase time="0.0129999999999981" classname="prep_long_data" name="Errors_occur_when_variable_arguments_are_missing_from_the_data"/>
    <testcase time="0.00700000000000145" classname="prep_long_data" name="Errors_occur_when_variable_arguments_are_missing_from_the_data"/>
    <testcase time="0.00499999999999901" classname="prep_long_data" name="Errors_occur_when_variable_arguments_are_missing_from_the_data"/>
    <testcase time="0.00600000000000023" classname="prep_long_data" name="Errors_occur_when_variable_arguments_are_missing_from_the_data"/>
    <testcase time="0.00600000000000023" classname="prep_long_data" name="Errors_occur_when_variable_arguments_are_missing_from_the_data"/>
    <testcase time="0.0120000000000005" classname="prep_long_data" name="An_error_is_reported_when_the_event_variable_is_not_a_binary_numeric_variables_in_the_data_argument"/>
    <testcase time="0.0120000000000005" classname="prep_long_data" name="An_error_is_reported_when_the_censor_variable_is_not_a_binary_numeric_variables_in_the_data_argument"/>
    <testcase time="0.0129999999999981" classname="prep_long_data" name="An_error_is_thrown_for_observations_with_an_event_that_is_censored"/>
    <testcase time="0.0130000000000017" classname="prep_long_data" name="An_error_is_reported_when_the_treatment_variable_is_not_a_binary_variable_in_the_data_argument"/>
    <testcase time="0.0360000000000014" classname="prep_long_data" name="Treatment_variable_is_coerced_to_a_factor_if_not_already"/>
    <testcase time="0.0179999999999971" classname="prep_long_data" name="An_error_is_reported_when_relative_time_variable_is_not_a_positive_numeric"/>
    <testcase time="0.0120000000000005" classname="prep_long_data" name="The_time_cutoff_is_a_numeric_if_non_null"/>
    <testcase time="0.0410000000000004" classname="prep_long_data" name="Warn_when_time_cutoff_not_within_the_range_of_relative_time"/>
    <testcase time="0.0380000000000003" classname="prep_long_data" name="Only_relevant_variables_remain_after_data_prep"/>
    <testcase time="0.0399999999999991" classname="prep_long_data" name="Obs_2_doesn_t_have_a_censoring_event_obs_3_doesn_t_have_any_events"/>
    <testcase time="0.0110000000000028" classname="prep_long_data" name="Obs_2_doesn_t_have_a_censoring_event_obs_3_doesn_t_have_any_events"/>
    <testcase time="0.0119999999999969" classname="prep_long_data" name="Obs_2_doesn_t_have_a_censoring_event_obs_3_doesn_t_have_any_events"/>
    <testcase time="0.0110000000000028" classname="prep_long_data" name="Obs_2_doesn_t_have_a_censoring_event_obs_3_doesn_t_have_any_events"/>
    <testcase time="0.0459999999999994" classname="prep_long_data" name="Obs_3_isn_t_censored_and_doesn_t_have_an_event"/>
    <testcase time="0.0109999999999992" classname="prep_long_data" name="Obs_3_isn_t_censored_and_doesn_t_have_an_event"/>
  </testsuite>
  <testsuite name="sunicate" timestamp="2023-02-14T19:38:44Z" hostname="a853d73b9231" tests="8" skipped="0" failures="0" errors="0" time="5.356">
    <testcase time="3.892" classname="sunicate" name="sunicate_identifies_the_effect_modified_in_a_simulated_example_using_default_learners"/>
    <testcase time="0.0340000000000025" classname="sunicate" name="sunicate_identifies_the_effect_modified_in_a_simulated_example_using_default_learners"/>
    <testcase time="0.0329999999999977" classname="sunicate" name="sunicate_identifies_the_effect_modified_in_a_simulated_example_using_default_learners"/>
    <testcase time="1.293" classname="sunicate" name="sunicate_identifies_the_effect_modified_in_a_simulated_example_using_default_learners"/>
    <testcase time="0.0330000000000013" classname="sunicate" name="sunicate_identifies_the_effect_modified_in_a_simulated_example_using_default_learners"/>
    <testcase time="0.0339999999999989" classname="sunicate" name="sunicate_identifies_the_effect_modified_in_a_simulated_example_using_default_learners"/>
    <testcase time="0.0280000000000022" classname="sunicate" name="sunicate_identifies_the_effect_modified_in_a_simulated_example_using_default_learners"/>
    <testcase time="0.00900000000000034" classname="sunicate" name="sunicate_identifies_the_effect_modified_in_a_simulated_example_using_default_learners"/>
  </testsuite>
  <testsuite name="unicate" timestamp="2023-02-14T19:38:49Z" hostname="a853d73b9231" tests="24" skipped="0" failures="0" errors="0" time="13.659">
    <testcase time="1.649" classname="unicate" name="biomarkers_1_and_2_found_by_unicate_with_SL_cont._outcome_"/>
    <testcase time="1.588" classname="unicate" name="biomarkers_1_and_2_found_by_unicate_with_SL_cont._outcome_"/>
    <testcase time="0.0419999999999945" classname="unicate" name="biomarkers_1_and_2_found_by_unicate_with_SL_cont._outcome_"/>
    <testcase time="3.402" classname="unicate" name="biomarkers_1_and_2_found_by_unicate_with_SL_cont._outcome_"/>
    <testcase time="0.017000000000003" classname="unicate" name="biomarkers_1_and_2_found_by_unicate_with_SL_cont._outcome_"/>
    <testcase time="0.0229999999999961" classname="unicate" name="biomarkers_1_and_2_found_by_unicate_with_SL_cont._outcome_"/>
    <testcase time="0.128" classname="unicate" name="biomarkers_1_and_2_found_by_unicate_with_default_learner_cont._outcome_"/>
    <testcase time="0.121000000000002" classname="unicate" name="biomarkers_1_and_2_found_by_unicate_with_default_learner_cont._outcome_"/>
    <testcase time="0.0279999999999987" classname="unicate" name="biomarkers_1_and_2_found_by_unicate_with_default_learner_cont._outcome_"/>
    <testcase time="0.341000000000001" classname="unicate" name="biomarkers_1_and_2_found_by_unicate_with_default_learner_cont._outcome_"/>
    <testcase time="0.0260000000000034" classname="unicate" name="biomarkers_1_and_2_found_by_unicate_with_default_learner_cont._outcome_"/>
    <testcase time="0.0229999999999961" classname="unicate" name="biomarkers_1_and_2_found_by_unicate_with_default_learner_cont._outcome_"/>
    <testcase time="1.231" classname="unicate" name="biomarkers_1_and_2_found_by_unicate_with_SL_binary_outcome_"/>
    <testcase time="1.223" classname="unicate" name="biomarkers_1_and_2_found_by_unicate_with_SL_binary_outcome_"/>
    <testcase time="0.0300000000000011" classname="unicate" name="biomarkers_1_and_2_found_by_unicate_with_SL_binary_outcome_"/>
    <testcase time="2.83" classname="unicate" name="biomarkers_1_and_2_found_by_unicate_with_SL_binary_outcome_"/>
    <testcase time="0.0200000000000031" classname="unicate" name="biomarkers_1_and_2_found_by_unicate_with_SL_binary_outcome_"/>
    <testcase time="0.0229999999999961" classname="unicate" name="biomarkers_1_and_2_found_by_unicate_with_SL_binary_outcome_"/>
    <testcase time="0.186" classname="unicate" name="biomarkers_1_and_2_found_by_unicate_with_default_learner_binary_outcome_"/>
    <testcase time="0.173999999999999" classname="unicate" name="biomarkers_1_and_2_found_by_unicate_with_default_learner_binary_outcome_"/>
    <testcase time="0.0290000000000035" classname="unicate" name="biomarkers_1_and_2_found_by_unicate_with_default_learner_binary_outcome_"/>
    <testcase time="0.479999999999997" classname="unicate" name="biomarkers_1_and_2_found_by_unicate_with_default_learner_binary_outcome_"/>
    <testcase time="0.0200000000000031" classname="unicate" name="biomarkers_1_and_2_found_by_unicate_with_default_learner_binary_outcome_"/>
    <testcase time="0.0249999999999986" classname="unicate" name="biomarkers_1_and_2_found_by_unicate_with_default_learner_binary_outcome_"/>
  </testsuite>
</testsuites>
